c:\users\aliel\source\repos\pickacts\pickacts\debug\pickacts.pch
c:\users\aliel\source\repos\pickacts\pickacts\debug\vc141.pdb
c:\users\aliel\source\repos\pickacts\pickacts\debug\vc141.idb
c:\users\aliel\source\repos\pickacts\pickacts\debug\pch.obj
c:\users\aliel\source\repos\pickacts\pickacts\debug\wolfruleset.obj
c:\users\aliel\source\repos\pickacts\pickacts\debug\pickacts.obj
c:\users\aliel\source\repos\pickacts\pickacts\debug\personalityruleset.obj
c:\users\aliel\source\repos\pickacts\pickacts\debug\fuzzyvariable.obj
c:\users\aliel\source\repos\pickacts\pickacts\debug\fuzzyset_triangle.obj
c:\users\aliel\source\repos\pickacts\pickacts\debug\fuzzyset_singleton.obj
c:\users\aliel\source\repos\pickacts\pickacts\debug\fuzzyset_rightshoulder.obj
c:\users\aliel\source\repos\pickacts\pickacts\debug\fuzzyset_leftshoulder.obj
c:\users\aliel\source\repos\pickacts\pickacts\debug\fuzzyoperators.obj
c:\users\aliel\source\repos\pickacts\pickacts\debug\fuzzymodule.obj
c:\users\aliel\source\repos\pickacts\debug\pickacts.pdb
c:\users\aliel\source\repos\pickacts\pickacts\debug\pickacts.tlog\cl.command.1.tlog
c:\users\aliel\source\repos\pickacts\pickacts\debug\pickacts.tlog\cl.read.1.tlog
c:\users\aliel\source\repos\pickacts\pickacts\debug\pickacts.tlog\cl.write.1.tlog
c:\users\aliel\source\repos\pickacts\pickacts\debug\pickacts.tlog\link.1318848-cvtres.read.1.tlog
c:\users\aliel\source\repos\pickacts\pickacts\debug\pickacts.tlog\link.1318848-cvtres.write.1.tlog
c:\users\aliel\source\repos\pickacts\pickacts\debug\pickacts.tlog\link.1318848-rc.read.1.tlog
c:\users\aliel\source\repos\pickacts\pickacts\debug\pickacts.tlog\link.1318848-rc.write.1.tlog
c:\users\aliel\source\repos\pickacts\pickacts\debug\pickacts.tlog\link.1318848.read.1.tlog
c:\users\aliel\source\repos\pickacts\pickacts\debug\pickacts.tlog\link.1318848.write.1.tlog
c:\users\aliel\source\repos\pickacts\pickacts\debug\pickacts.tlog\link.command.1.tlog
c:\users\aliel\source\repos\pickacts\pickacts\debug\pickacts.tlog\link.read.1.tlog
c:\users\aliel\source\repos\pickacts\pickacts\debug\pickacts.tlog\link.write.1.tlog
